24/03/2025: 
Lanzado en local prueba_2021.ipynb con 100K registros sobre csv fhvhv_tripdata_2021-01.csv. Pruebas OK para K-Means y Random Forest.
Notebook en Databricks creado. Sesión Spark abierta. Prueba con .parquet 2024-03. Parece que spark no es capaz de transformar de .parquet a df
En cambio, se realiza esta modificación en local.

25/03/2025: 
El problema estuvo que para 2024-03 el tipo de fichero era distinto. Esta vez lanzo en local fichero fhvhv_*. El kernel peta cada vez que intento lanzarlo.
Se lanza en Databricks. Se ha creado un nuevo cluster con 2 workers y 1 nodo driver. 
Se ha lanzado el notebook prueba_2021.ipynb con 100K registros sobre csv fhvhv_tripdata_2021-01.csv. Pruebas

Para tablas de datos por tipo de vtc:
- Para HVFHV: https://www.nyc.gov/assets/tlc/downloads/pdf/data_dictionary_trip_records_hvfhs.pdf
- Para green taxi: https://www.nyc.gov/assets/tlc/downloads/pdf/data_dictionary_trip_records_green.pdf
- Para yellow taxi: https://www.nyc.gov/assets/tlc/downloads/pdf/data_dictionary_trip_records_yellow.pdf

Información: https://www.nyc.gov/site/tlc/businesses/for-hire-vehicles.page
Record User Guide: https://www.nyc.gov/assets/tlc/downloads/pdf/trip_record_user_guide.pdf

26/03/2025:
Visualización y EDA
fuente: https://www.nyc.gov/assets/tlc/downloads/pdf/data_dictionary_trip_records_hvfhs.pdf

Opciones de titulo para el TFM:
1. “Análisis de patrones de viaje de vehículos de alquiler en Nueva York mediante técnicas de Big Data y Machine Learning”
2. “Modelado de patrones de movilidad urbana con datos masivos: el caso de los FHV en Nueva York”
3. “De los datos al conocimiento: análisis inteligente de los trayectos de Uber y Lyft en Nueva York”
4. “Big Data y aprendizaje automático para el estudio del comportamiento de los usuarios de vehículos de alquiler en NYC”
5. “Aplicación de Machine Learning al análisis espacial-temporal de los FHV en la ciudad de Nueva York”
6. “Descubriendo comportamientos de movilidad urbana: un estudio de los FHV en NYC con Big Data e Inteligencia Artificial”
7. “Predicción y clasificación de viajes de Uber y Lyft en Nueva York usando técnicas de aprendizaje automático”
-------
1. “Análisis de patrones de movilidad en servicios de vehículos de alquiler en Nueva York mediante técnicas de ciencia de datos”
2. “Estudio del comportamiento de los viajes FHV en Nueva York mediante análisis de datos y aprendizaje automático”

3. “Modelado de trayectos y tipos de viaje en FHV en NYC con enfoque de ciencia de datos”
4. “Análisis computacional de los servicios de movilidad compartida en Nueva York: un enfoque basado en datos”

5. “Viajes bajo demanda en Nueva York: análisis de datos y detección de patrones en FHV”
6. “Exploración de datos de movilidad urbana: el caso de los vehículos de alquiler en la ciudad de Nueva York”
7. “Caracterización de los viajes de Uber y Lyft en Nueva York usando herramientas de análisis de datos”

=> Estudio del comportamiento de los viajes en servicios de vehículos de alquiler en Nueva York mediante técnicas de ciencia de datos

27/03/2025:
- Cargar datos de fhvhv_tripdata_2021-01.parquet y obtener 500.000 filas aleatorias.
- Borrar fichero parquet.
- Lanzar notebook
- Revisar EDA y Visualización.
- Sección 'Feature Selection' y 'Feature Engineering'
- Tratamiento de datos (pre-procesamiento): variables categóricas, variables numéricas, variables de tipo fecha.
- Sección 'Modelado': K-Means (y Random Forest)